<?xml version="1.0" encoding="UTF-8"?>
<testsuites name="Browser Actions" time="57.739" tests="3" failures="0" errors="0">
   <testsuite name="Browser Actions" tests="3" failures="0" errors="0" time="57.739" skipped="0" timestamp="2023-01-19 15:56:29" hostname="KalpanaKukreja - RC-IND-4BYDRG3.domain.name" id="Test Suites/Browser Actions">
      <properties>
         <property name="deviceName" value=""/>
         <property name="devicePlatform" value=""/>
         <property name="logFolder" value="C:\\Users\\KalpanaKukreja\\Documents\\Katalon Courses\\Browser operations in Katalon\\Katalon Automation Courses\\Reports\\20230119_155617\\Browser Actions\\20230119_155618"/>
         <property name="logFiles" value="C:\\Users\\KalpanaKukreja\\Documents\\Katalon Courses\\Browser operations in Katalon\\Katalon Automation Courses\\Reports\\20230119_155617\\Browser Actions\\20230119_155618\\execution0.log"/>
         <property name="attachments" value=""/>
         <property name="hostName" value="KalpanaKukreja - RC-IND-4BYDRG3.domain.name"/>
         <property name="os" value="Windows 10 64bit"/>
         <property name="katalonVersion" value="8.2.5.208"/>
         <property name="browser" value="Chrome 109.0.0.0"/>
         <property name="hostAddress" value="192.168.1.12"/>
         <property name="sessionId" value="dcce32f1e3fdfdc8f87fa00854bf73f9"/>
         <property name="seleniumVersion" value="3.141.59"/>
         <property name="proxyInformation" value="ProxyInformation { proxyOption=NO_PROXY, proxyServerType=HTTP, username=, password=********, proxyServerAddress=, proxyServerPort=0, executionList=&quot;&quot;, isApplyToDesiredCapabilities=true }"/>
         <property name="platform" value="Windows 10"/>
      </properties>
      <testcase name="Test Cases/Browser Operations in Katalon/Advance browser operations" time="17.467" classname="Test Cases/Browser Operations in Katalon/Advance browser operations" status="PASSED">
         <system-out><![CDATA[2023-01-19 15:56:29 - [TEST_CASE][PASSED] - Test Cases/Browser Operations in Katalon/Advance browser operations: Test Cases/Browser Operations in Katalon/Advance browser operations

2023-01-19 15:56:30 - [TEST_STEP][PASSED] - openBrowser("https://katalon-demo-cura.herokuapp.com/"): Browser is opened with url: 'https://katalon-demo-cura.herokuapp.com/'

2023-01-19 15:56:30 - [MESSAGE][INFO] - Starting 'Chrome' driver

2023-01-19 15:56:30 - [MESSAGE][INFO] - Action delay is set to 0 milliseconds

2023-01-19 15:56:35 - [MESSAGE][PASSED] - Browser is opened with url: 'https://katalon-demo-cura.herokuapp.com/'

2023-01-19 15:56:35 - [TEST_STEP][PASSED] - maximizeWindow(): Current window maximized

2023-01-19 15:56:36 - [MESSAGE][PASSED] - Current window maximized

2023-01-19 15:56:36 - [TEST_STEP][PASSED] - print(getUrl()): Current window's url is: 'https://katalon-demo-cura.herokuapp.com/'

2023-01-19 15:56:36 - [MESSAGE][PASSED] - Current window's url is: 'https://katalon-demo-cura.herokuapp.com/'

2023-01-19 15:56:36 - [TEST_STEP][PASSED] - getWindowTitle(): Current window's title is: 'CURA Healthcare Service'

2023-01-19 15:56:36 - [MESSAGE][PASSED] - Current window's title is: 'CURA Healthcare Service'

2023-01-19 15:56:36 - [TEST_STEP][PASSED] - print(getWindowTitle()): Current window's title is: 'CURA Healthcare Service'

2023-01-19 15:56:36 - [MESSAGE][PASSED] - Current window's title is: 'CURA Healthcare Service'

2023-01-19 15:56:36 - [TEST_STEP][PASSED] - currentTab = getWindowIndex(): Current window's index is: 0

2023-01-19 15:56:36 - [MESSAGE][PASSED] - Current window's index is: 0

2023-01-19 15:56:36 - [TEST_STEP][PASSED] - driver = getWebDriver(): null

2023-01-19 15:56:36 - [TEST_STEP][PASSED] - js = driver: null

2023-01-19 15:56:36 - [TEST_STEP][PASSED] - js.executeScript("window.open();"): null

2023-01-19 15:56:36 - [TEST_STEP][PASSED] - switchToWindowIndex(currentTab + 1): Switched to window with index: '1'

2023-01-19 15:56:36 - [MESSAGE][PASSED] - Switched to window with index: '1'

2023-01-19 15:56:36 - [TEST_STEP][PASSED] - navigateToUrl("https://www.wikipedia.org/"): Navigate to 'https://www.wikipedia.org/' successfully

2023-01-19 15:56:37 - [MESSAGE][PASSED] - Navigate to 'https://www.wikipedia.org/' successfully

2023-01-19 15:56:37 - [TEST_STEP][PASSED] - getWindowTitle(): Current window's title is: 'Wikipedia'

2023-01-19 15:56:37 - [MESSAGE][PASSED] - Current window's title is: 'Wikipedia'

2023-01-19 15:56:37 - [TEST_STEP][PASSED] - getUrl(): Current window's url is: 'https://www.wikipedia.org/'

2023-01-19 15:56:37 - [MESSAGE][PASSED] - Current window's url is: 'https://www.wikipedia.org/'

2023-01-19 15:56:37 - [TEST_STEP][PASSED] - switchToWindowIndex(currentTab): Switched to window with index: '0'

2023-01-19 15:56:37 - [MESSAGE][PASSED] - Switched to window with index: '0'

2023-01-19 15:56:37 - [TEST_STEP][PASSED] - delay(3): Delayed 3 second(s)

2023-01-19 15:56:40 - [MESSAGE][PASSED] - Delayed 3 second(s)

2023-01-19 15:56:40 - [TEST_STEP][PASSED] - switchToWindowTitle("Wikipedia"): Switched to window with title: 'Wikipedia'

2023-01-19 15:56:40 - [MESSAGE][PASSED] - Switched to window with title: 'Wikipedia'

2023-01-19 15:56:40 - [TEST_STEP][PASSED] - delay(3): Delayed 3 second(s)

2023-01-19 15:56:43 - [MESSAGE][PASSED] - Delayed 3 second(s)

2023-01-19 15:56:43 - [TEST_STEP][PASSED] - switchToWindowUrl("https://katalon-demo-cura.herokuapp.com/"): Switched to window with url: 'https://katalon-demo-cura.herokuapp.com/'

2023-01-19 15:56:44 - [MESSAGE][PASSED] - Switched to window with url: 'https://katalon-demo-cura.herokuapp.com/'

2023-01-19 15:56:44 - [TEST_STEP][PASSED] - closeWindowTitle("CURA Healthcare Service"): Window with title: 'CURA Healthcare Service' is closed

2023-01-19 15:56:44 - [MESSAGE][PASSED] - Window with title: 'CURA Healthcare Service' is closed

2023-01-19 15:56:44 - [TEST_STEP][PASSED] - delay(3): Delayed 3 second(s)

2023-01-19 15:56:47 - [MESSAGE][PASSED] - Delayed 3 second(s)

2023-01-19 15:56:47 - [TEST_STEP][PASSED] - closeWindowUrl("https://www.wikipedia.org/"): Window with url: 'https://www.wikipedia.org/' is closed

2023-01-19 15:56:47 - [MESSAGE][PASSED] - Window with url: 'https://www.wikipedia.org/' is closed]]></system-out>
         <system-err><![CDATA[]]></system-err>
      </testcase>
      <testcase name="Test Cases/Browser Operations in Katalon/Basic browser Operations" time="25.958" classname="Test Cases/Browser Operations in Katalon/Basic browser Operations" status="PASSED">
         <system-out><![CDATA[2023-01-19 15:56:47 - [TEST_CASE][PASSED] - Test Cases/Browser Operations in Katalon/Basic browser Operations: Test Cases/Browser Operations in Katalon/Basic browser Operations

2023-01-19 15:56:47 - [TEST_STEP][PASSED] - openBrowser(""): Browser is opened with url: ''

2023-01-19 15:56:47 - [MESSAGE][WARNING] - A browser is already opened. Closing browser and opening a new one

2023-01-19 15:56:48 - [MESSAGE][INFO] - Starting 'Chrome' driver

2023-01-19 15:56:48 - [MESSAGE][INFO] - Action delay is set to 0 milliseconds

2023-01-19 15:56:49 - [MESSAGE][PASSED] - Browser is opened with url: ''

2023-01-19 15:56:49 - [TEST_STEP][PASSED] - navigateToUrl("https://katalon-demo-cura.herokuapp.com/"): Navigate to 'https://katalon-demo-cura.herokuapp.com/' successfully

2023-01-19 15:56:52 - [MESSAGE][PASSED] - Navigate to 'https://katalon-demo-cura.herokuapp.com/' successfully

2023-01-19 15:56:52 - [TEST_STEP][PASSED] - delay(3): Delayed 3 second(s)

2023-01-19 15:56:55 - [MESSAGE][PASSED] - Delayed 3 second(s)

2023-01-19 15:56:55 - [TEST_STEP][PASSED] - maximizeWindow(): Current window maximized

2023-01-19 15:56:55 - [MESSAGE][PASSED] - Current window maximized

2023-01-19 15:56:55 - [TEST_STEP][PASSED] - delay(3): Delayed 3 second(s)

2023-01-19 15:56:58 - [MESSAGE][PASSED] - Delayed 3 second(s)

2023-01-19 15:56:58 - [TEST_STEP][PASSED] - refresh(): Refresh successfully

2023-01-19 15:56:59 - [MESSAGE][PASSED] - Refresh successfully

2023-01-19 15:56:59 - [TEST_STEP][PASSED] - delay(3): Delayed 3 second(s)

2023-01-19 15:57:02 - [MESSAGE][PASSED] - Delayed 3 second(s)

2023-01-19 15:57:02 - [TEST_STEP][PASSED] - click(findTestObject("Object Repository/Page_CURA Healthcare Service/a_Make Appointment")): Object: 'Object Repository/Page_CURA Healthcare Service/a_Make Appointment' is clicked on

2023-01-19 15:57:02 - [MESSAGE][PASSED] - Object: 'Object Repository/Page_CURA Healthcare Service/a_Make Appointment' is clicked on

2023-01-19 15:57:03 - [TEST_STEP][PASSED] - delay(3): Delayed 3 second(s)

2023-01-19 15:57:06 - [MESSAGE][PASSED] - Delayed 3 second(s)

2023-01-19 15:57:06 - [TEST_STEP][PASSED] - back(): Navigate back successfully

2023-01-19 15:57:06 - [MESSAGE][PASSED] - Navigate back successfully

2023-01-19 15:57:06 - [TEST_STEP][PASSED] - delay(3): Delayed 3 second(s)

2023-01-19 15:57:09 - [MESSAGE][PASSED] - Delayed 3 second(s)

2023-01-19 15:57:09 - [TEST_STEP][PASSED] - forward(): Navigate forward successfully

2023-01-19 15:57:09 - [MESSAGE][PASSED] - Navigate forward successfully

2023-01-19 15:57:09 - [TEST_STEP][PASSED] - delay(3): Delayed 3 second(s)

2023-01-19 15:57:12 - [MESSAGE][PASSED] - Delayed 3 second(s)

2023-01-19 15:57:12 - [TEST_STEP][PASSED] - closeBrowser(): Browser is closed

2023-01-19 15:57:13 - [MESSAGE][PASSED] - Browser is closed]]></system-out>
         <system-err><![CDATA[]]></system-err>
      </testcase>
      <testcase name="Test Cases/Browser Operations in Katalon/Assertions in Katalon" time="14.045" classname="Test Cases/Browser Operations in Katalon/Assertions in Katalon" status="PASSED">
         <system-out><![CDATA[2023-01-19 15:57:13 - [TEST_CASE][PASSED] - Test Cases/Browser Operations in Katalon/Assertions in Katalon: Test Cases/Browser Operations in Katalon/Assertions in Katalon

2023-01-19 15:57:13 - [TEST_STEP][PASSED] - openBrowser("https://katalon-demo-cura.herokuapp.com/"): Browser is opened with url: 'https://katalon-demo-cura.herokuapp.com/'

2023-01-19 15:57:13 - [MESSAGE][INFO] - Starting 'Chrome' driver

2023-01-19 15:57:13 - [MESSAGE][INFO] - Action delay is set to 0 milliseconds

2023-01-19 15:57:17 - [MESSAGE][PASSED] - Browser is opened with url: 'https://katalon-demo-cura.herokuapp.com/'

2023-01-19 15:57:17 - [TEST_STEP][PASSED] - maximizeWindow(): Current window maximized

2023-01-19 15:57:18 - [MESSAGE][PASSED] - Current window maximized

2023-01-19 15:57:18 - [TEST_STEP][PASSED] - title = getWindowTitle(): Current window's title is: 'CURA Healthcare Service'

2023-01-19 15:57:18 - [MESSAGE][PASSED] - Current window's title is: 'CURA Healthcare Service'

2023-01-19 15:57:18 - [TEST_STEP][PASSED] - verifyMatch(title, "CURA Healthcare Service", true): Actual text 'CURA Healthcare Service' and expected text 'CURA Healthcare Service' are matched  using regular expression

2023-01-19 15:57:18 - [MESSAGE][PASSED] - Actual text 'CURA Healthcare Service' and expected text 'CURA Healthcare Service' are matched  using regular expression

2023-01-19 15:57:18 - [TEST_STEP][PASSED] - verifyElementPresent(findTestObject("Page_CURA Healthcare Service/a_Make Appointment"), 2): Object 'Object Repository/Page_CURA Healthcare Service/a_Make Appointment' is present

2023-01-19 15:57:18 - [MESSAGE][PASSED] - Object 'Object Repository/Page_CURA Healthcare Service/a_Make Appointment' is present

2023-01-19 15:57:18 - [TEST_STEP][PASSED] - verifyElementClickable(findTestObject("Page_CURA Healthcare Service/a_Make Appointment")): Object 'Object Repository/Page_CURA Healthcare Service/a_Make Appointment' is clickable

2023-01-19 15:57:18 - [MESSAGE][PASSED] - Object 'Object Repository/Page_CURA Healthcare Service/a_Make Appointment' is clickable

2023-01-19 15:57:18 - [TEST_STEP][PASSED] - verifyElementVisible(findTestObject("Page_CURA Healthcare Service/Copyright Text")): Object 'Object Repository/Page_CURA Healthcare Service/Copyright Text' is visible

2023-01-19 15:57:19 - [MESSAGE][PASSED] - Object 'Object Repository/Page_CURA Healthcare Service/Copyright Text' is visible

2023-01-19 15:57:19 - [TEST_STEP][PASSED] - verifyElementNotPresent(findTestObject("Object Repository/Page_CURA Healthcare Service/Make appointment page heading"), 2): Web element with id: 'Object Repository/Page_CURA Healthcare Service/Make appointment page heading' located by 'By.xpath: //*[@id="appointment"]/div/div/div/h2' is not present after '2' second(s)

2023-01-19 15:57:19 - [MESSAGE][PASSED] - Web element with id: 'Object Repository/Page_CURA Healthcare Service/Make appointment page heading' located by 'By.xpath: //*[@id="appointment"]/div/div/div/h2' is not present after '2' second(s)

2023-01-19 15:57:19 - [TEST_STEP][PASSED] - click(findTestObject("Page_CURA Healthcare Service/a_Make Appointment")): Object: 'Object Repository/Page_CURA Healthcare Service/a_Make Appointment' is clicked on

2023-01-19 15:57:20 - [MESSAGE][PASSED] - Object: 'Object Repository/Page_CURA Healthcare Service/a_Make Appointment' is clicked on

2023-01-19 15:57:20 - [TEST_STEP][PASSED] - verifyTextPresent("Please login to make appointment.", false): Text 'Please login to make appointment.' is present on page 

2023-01-19 15:57:21 - [MESSAGE][PASSED] - Text 'Please login to make appointment.' is present on page 

2023-01-19 15:57:21 - [TEST_STEP][PASSED] - delay(2): Delayed 2 second(s)

2023-01-19 15:57:23 - [MESSAGE][PASSED] - Delayed 2 second(s)

2023-01-19 15:57:23 - [TEST_STEP][PASSED] - setText(findTestObject("Page_CURA Healthcare Service/input_Username_username"), "John Doe"): Text 'John Doe' is set on object 'Object Repository/Page_CURA Healthcare Service/input_Username_username'

2023-01-19 15:57:24 - [MESSAGE][PASSED] - Text 'John Doe' is set on object 'Object Repository/Page_CURA Healthcare Service/input_Username_username'

2023-01-19 15:57:24 - [TEST_STEP][PASSED] - setText(findTestObject("Page_CURA Healthcare Service/input_Password_password"), "ThisIsNotAPassword"): Text 'ThisIsNotAPassword' is set on object 'Object Repository/Page_CURA Healthcare Service/input_Password_password'

2023-01-19 15:57:25 - [MESSAGE][PASSED] - Text 'ThisIsNotAPassword' is set on object 'Object Repository/Page_CURA Healthcare Service/input_Password_password'

2023-01-19 15:57:25 - [TEST_STEP][PASSED] - click(findTestObject("Page_CURA Healthcare Service/button_Login")): Object: 'Object Repository/Page_CURA Healthcare Service/button_Login' is clicked on

2023-01-19 15:57:26 - [MESSAGE][PASSED] - Object: 'Object Repository/Page_CURA Healthcare Service/button_Login' is clicked on

2023-01-19 15:57:26 - [TEST_STEP][PASSED] - verifyElementText(findTestObject("Object Repository/Page_CURA Healthcare Service/Make appointment page heading"), "Make Appointment"): Actual text and expected text of test object 'Object Repository/Page_CURA Healthcare Service/Make appointment page heading' are matched.

2023-01-19 15:57:26 - [MESSAGE][PASSED] - Actual text and expected text of test object 'Object Repository/Page_CURA Healthcare Service/Make appointment page heading' are matched.

2023-01-19 15:57:26 - [TEST_STEP][PASSED] - closeBrowser(): Browser is closed

2023-01-19 15:57:27 - [MESSAGE][PASSED] - Browser is closed]]></system-out>
         <system-err><![CDATA[]]></system-err>
      </testcase>
      <system-out><![CDATA[2023-01-19 15:56:29 - [TEST_SUITE][PASSED] - Browser Actions: Test Cases/Browser Operations in Katalon/Assertions in Katalon]]></system-out>
      <system-err><![CDATA[]]></system-err>
   </testsuite>
</testsuites>
