<?xml version="1.0" encoding="UTF-8"?>
<testsuites name="Advanced browser operations" time="65.839" tests="1" failures="0" errors="0">
   <testsuite name="Advanced browser operations" tests="1" failures="0" errors="0" time="65.839" skipped="0" timestamp="2023-12-16 20:48:05" hostname="KalpanaKukreja - RC-IND-4BYDRG3" id="Test Suites/Advanced browser operations">
      <properties>
         <property name="deviceName"/>
         <property name="devicePlatform" value="WINDOWS"/>
         <property name="logFolder" value="C:\\Users\\KalpanaKukreja\\Documents\\Katalon Courses\\Browser operations in Katalon\\Katalon Automation Courses\\Reports\\20231216_204752\\Advanced browser operations\\20231216_204754"/>
         <property name="logFiles" value="C:\\Users\\KalpanaKukreja\\Documents\\Katalon Courses\\Browser operations in Katalon\\Katalon Automation Courses\\Reports\\20231216_204752\\Advanced browser operations\\20231216_204754\\execution0.log"/>
         <property name="attachments" value="keyes\keyes-wikipedia page.png"/>
         <property name="hostName" value="KalpanaKukreja - RC-IND-4BYDRG3"/>
         <property name="remoteDriverUrl" value="testcloud.katalon.com/hub"/>
         <property name="desiredCapabilities" value="{
  &quot;timeouts&quot;: {
    &quot;implicit&quot;: 0,
    &quot;pageLoad&quot;: 300000,
    &quot;script&quot;: 30000
  },
  &quot;platform&quot;: &quot;WINDOWS&quot;,
  &quot;goog:chromeOptions&quot;: {
    &quot;debuggerAddress&quot;: &quot;localhost:52940&quot;
  },
  &quot;requestId&quot;: &quot;2e846f8f-d29d-40d8-a759-5a183cf79219&quot;,
  &quot;webauthn:extension:credBlob&quot;: true,
  &quot;acceptInsecureCerts&quot;: false,
  &quot;browserVersion&quot;: &quot;117.0.0.0&quot;,
  &quot;fedcm:accounts&quot;: true,
  &quot;browserName&quot;: &quot;chrome&quot;,
  &quot;javascriptEnabled&quot;: true,
  &quot;katalon:option&quot;: {
    &quot;unlimitedExecutionMinutes&quot;: true,
    &quot;userId&quot;: 579468,
    &quot;organizationId&quot;: &quot;167916&quot;,
    &quot;class&quot;: &quot;com.katalon.testcloud.grid.common.tunnel.domain.UserOptionCapability&quot;,
    &quot;runFromTestCloud&quot;: true,
    &quot;usingTunnel&quot;: false
  },
  &quot;platformName&quot;: &quot;WINDOWS&quot;,
  &quot;setWindowRect&quot;: true,
  &quot;webauthn:extension:largeBlob&quot;: true,
  &quot;networkConnectionEnabled&quot;: false,
  &quot;chrome&quot;: {
    &quot;chromedriverVersion&quot;: &quot;117.0.5938.22 (23382a5a87b8063d9189c9a52564d2b0edc76e1c-refs/branch-heads/5938@{#447})&quot;,
    &quot;userDataDir&quot;: &quot;C:\\Program Files (x86)\\scoped_dir2120_615587896&quot;
  },
  &quot;os&quot;: &quot;windows&quot;,
  &quot;pageLoadStrategy&quot;: &quot;normal&quot;,
  &quot;unhandledPromptBehavior&quot;: &quot;dismiss and notify&quot;,
  &quot;strictFileInteractability&quot;: false,
  &quot;***:loadExtension&quot;: [
    &quot;https://prod-magicleap-user-files-us-east-1-v1.s3.amazonaws.com/extensions/orgId-691279/SmartWait.zip&quot;
  ],
  &quot;version&quot;: &quot;117&quot;,
  &quot;se:cdp&quot;: &quot;ws://172.48.62.105:4444/session/6af2900607d82955a2d2b9ffe22871a7/se/cdp&quot;,
  &quot;proxy&quot;: {
    &quot;proxyType&quot;: &quot;DIRECT&quot;,
    &quot;autodetect&quot;: false
  },
  &quot;webauthn:extension:minPinLength&quot;: true,
  &quot;webdriver.remote.sessionid&quot;: &quot;6af2900607d82955a2d2b9ffe22871a7&quot;,
  &quot;webauthn:extension:prf&quot;: true,
  &quot;webauthn:virtualAuthenticators&quot;: true
}"/>
         <property name="os" value="Windows 10 64bit"/>
         <property name="remoteOS" value="Windows"/>
         <property name="katalonVersion" value="8.6.8.208"/>
         <property name="browser" value="Chrome 117.0.0.0"/>
         <property name="hostAddress" value="192.168.0.221"/>
         <property name="sessionId" value="6af2900607d82955a2d2b9ffe22871a7"/>
         <property name="seleniumVersion" value="3.141.59"/>
         <property name="proxyInformation" value="ProxyInformation { proxyOption=NO_PROXY, proxyServerType=HTTP, username=, password=********, proxyServerAddress=, proxyServerPort=0, executionList=&quot;&quot;, isApplyToDesiredCapabilities=true }"/>
         <property name="platform" value="Windows 10"/>
      </properties>
      <testcase name="Test Cases/Browser Operations in Katalon/Advance browser operations" time="65.66" classname="Test Cases/Browser Operations in Katalon/Advance browser operations" status="PASSED">
         <system-out><![CDATA[2023-12-16 20:48:05 - [TEST_CASE][PASSED] - Test Cases/Browser Operations in Katalon/Advance browser operations: Test Cases/Browser Operations in Katalon/Advance browser operations

2023-12-16 20:48:05 - [TEST_STEP][PASSED] - openBrowser("https://katalon-demo-cura.herokuapp.com/"): Browser is opened with url: 'https://katalon-demo-cura.herokuapp.com/'

2023-12-16 20:48:05 - [MESSAGE][INFO] - User set preference: ['os', 'windows']

2023-12-16 20:48:05 - [MESSAGE][INFO] - User set preference: ['browserName', 'chrome']

2023-12-16 20:48:05 - [MESSAGE][INFO] - User set preference: ['browserVersion', '117']

2023-12-16 20:48:05 - [MESSAGE][INFO] - User set preference: ['katalon:option', '{organizationId=167916, tunnelId=, usingTunnel=false}']

2023-12-16 20:48:05 - [MESSAGE][INFO] - Connecting to remote web server 'testcloud.katalon.com/hub' with type 'Selenium'

2023-12-16 20:48:06 - [MESSAGE][INFO] - Action delay is set to 0 milliseconds

2023-12-16 20:48:37 - [MESSAGE][PASSED] - Browser is opened with url: 'https://katalon-demo-cura.herokuapp.com/'

2023-12-16 20:48:37 - [TEST_STEP][PASSED] - print(getUrl()): Current window's url is: 'https://katalon-demo-cura.herokuapp.com/'

2023-12-16 20:48:37 - [MESSAGE][PASSED] - Current window's url is: 'https://katalon-demo-cura.herokuapp.com/'

2023-12-16 20:48:37 - [TEST_STEP][PASSED] - getWindowTitle(): Current window's title is: 'CURA Healthcare Service'

2023-12-16 20:48:38 - [MESSAGE][PASSED] - Current window's title is: 'CURA Healthcare Service'

2023-12-16 20:48:38 - [TEST_STEP][PASSED] - print(getWindowTitle()): Current window's title is: 'CURA Healthcare Service'

2023-12-16 20:48:39 - [MESSAGE][PASSED] - Current window's title is: 'CURA Healthcare Service'

2023-12-16 20:48:39 - [TEST_STEP][PASSED] - currentTab = getWindowIndex(): Current window's index is: 0

2023-12-16 20:48:40 - [MESSAGE][PASSED] - Current window's index is: 0

2023-12-16 20:48:40 - [TEST_STEP][PASSED] - driver = getWebDriver(): null

2023-12-16 20:48:40 - [TEST_STEP][PASSED] - js = driver: null

2023-12-16 20:48:40 - [TEST_STEP][PASSED] - js.executeScript("window.open();"): null

2023-12-16 20:48:40 - [TEST_STEP][PASSED] - switchToWindowIndex(currentTab + 1): Switched to window with index: '1'

2023-12-16 20:48:42 - [MESSAGE][PASSED] - Switched to window with index: '1'

2023-12-16 20:48:42 - [TEST_STEP][PASSED] - navigateToUrl("https://www.wikipedia.org/"): Navigate to 'https://www.wikipedia.org/' successfully

2023-12-16 20:48:43 - [MESSAGE][PASSED] - Navigate to 'https://www.wikipedia.org/' successfully

2023-12-16 20:48:43 - [TEST_STEP][PASSED] - takeScreenshotAsCheckpoint("wikipedia page"): Taking screenshot successfully

2023-12-16 20:48:49 - [MESSAGE][INFO] - 0 hidden object(s)

2023-12-16 20:48:49 - [MESSAGE][PASSED] - Taking screenshot successfully
[[ATTACHMENT|keyes\keyes-wikipedia page.png]]

2023-12-16 20:48:49 - [TEST_STEP][PASSED] - getWindowTitle(): Current window's title is: 'Wikipedia'

2023-12-16 20:48:49 - [MESSAGE][PASSED] - Current window's title is: 'Wikipedia'

2023-12-16 20:48:49 - [TEST_STEP][PASSED] - getUrl(): Current window's url is: 'https://www.wikipedia.org/'

2023-12-16 20:48:50 - [MESSAGE][PASSED] - Current window's url is: 'https://www.wikipedia.org/'

2023-12-16 20:48:50 - [TEST_STEP][PASSED] - switchToWindowIndex(currentTab): Switched to window with index: '0'

2023-12-16 20:48:51 - [MESSAGE][PASSED] - Switched to window with index: '0'

2023-12-16 20:48:51 - [TEST_STEP][PASSED] - delay(3): Delayed 3 second(s)

2023-12-16 20:48:54 - [MESSAGE][PASSED] - Delayed 3 second(s)

2023-12-16 20:48:54 - [TEST_STEP][PASSED] - switchToWindowTitle("Wikipedia"): Switched to window with title: 'Wikipedia'

2023-12-16 20:48:57 - [MESSAGE][PASSED] - Switched to window with title: 'Wikipedia'

2023-12-16 20:48:57 - [TEST_STEP][PASSED] - delay(3): Delayed 3 second(s)

2023-12-16 20:49:00 - [MESSAGE][PASSED] - Delayed 3 second(s)

2023-12-16 20:49:00 - [TEST_STEP][PASSED] - switchToWindowUrl("https://katalon-demo-cura.herokuapp.com/"): Switched to window with url: 'https://katalon-demo-cura.herokuapp.com/'

2023-12-16 20:49:02 - [MESSAGE][PASSED] - Switched to window with url: 'https://katalon-demo-cura.herokuapp.com/'

2023-12-16 20:49:02 - [TEST_STEP][PASSED] - closeWindowTitle("CURA Healthcare Service"): Window with title: 'CURA Healthcare Service' is closed

2023-12-16 20:49:05 - [MESSAGE][PASSED] - Window with title: 'CURA Healthcare Service' is closed

2023-12-16 20:49:05 - [TEST_STEP][PASSED] - delay(3): Delayed 3 second(s)

2023-12-16 20:49:08 - [MESSAGE][PASSED] - Delayed 3 second(s)

2023-12-16 20:49:08 - [TEST_STEP][PASSED] - closeWindowUrl("https://www.wikipedia.org/"): Window with url: 'https://www.wikipedia.org/' is closed

2023-12-16 20:49:10 - [MESSAGE][PASSED] - Window with url: 'https://www.wikipedia.org/' is closed]]></system-out>
         <system-err><![CDATA[]]></system-err>
      </testcase>
      <system-out><![CDATA[2023-12-16 20:48:05 - [TEST_SUITE][PASSED] - Advanced browser operations: Test Cases/Browser Operations in Katalon/Advance browser operations]]></system-out>
      <system-err><![CDATA[]]></system-err>
   </testsuite>
</testsuites>
