<?xml version="1.0" encoding="UTF-8"?>
<testsuites name="Basic browser operations" time="59.944" tests="1" failures="0" errors="0">
   <testsuite name="Basic browser operations" tests="1" failures="0" errors="0" time="59.944" skipped="0" timestamp="2023-12-28 23:58:41" hostname="KalpanaKukreja - RC-IND-4BYDRG3" id="Test Suites/Basic browser operations">
      <properties>
         <property name="deviceName"/>
         <property name="devicePlatform" value="WINDOWS"/>
         <property name="logFolder" value="C:\\Users\\KalpanaKukreja\\Documents\\Katalon Courses\\Browser operations in Katalon\\Katalon Automation Courses\\Reports\\20231228_235817\\Basic browser operations\\20231228_235820"/>
         <property name="logFiles" value="C:\\Users\\KalpanaKukreja\\Documents\\Katalon Courses\\Browser operations in Katalon\\Katalon Automation Courses\\Reports\\20231228_235817\\Basic browser operations\\20231228_235820\\execution0.log"/>
         <property name="attachments" value=""/>
         <property name="hostName" value="KalpanaKukreja - RC-IND-4BYDRG3"/>
         <property name="remoteDriverUrl" value="testcloud.katalon.com/hub"/>
         <property name="desiredCapabilities" value="{
  &quot;timeouts&quot;: {
    &quot;implicit&quot;: 0,
    &quot;pageLoad&quot;: 300000,
    &quot;script&quot;: 30000
  },
  &quot;platform&quot;: &quot;WINDOWS&quot;,
  &quot;goog:chromeOptions&quot;: {
    &quot;debuggerAddress&quot;: &quot;localhost:62280&quot;
  },
  &quot;requestId&quot;: &quot;214c5226-a2b4-42b0-b175-e7713d9106db&quot;,
  &quot;webauthn:extension:credBlob&quot;: true,
  &quot;acceptInsecureCerts&quot;: false,
  &quot;browserVersion&quot;: &quot;117.0.0.0&quot;,
  &quot;fedcm:accounts&quot;: true,
  &quot;browserName&quot;: &quot;chrome&quot;,
  &quot;javascriptEnabled&quot;: true,
  &quot;katalon:option&quot;: {
    &quot;unlimitedExecutionMinutes&quot;: true,
    &quot;userId&quot;: 579468,
    &quot;organizationId&quot;: &quot;167916&quot;,
    &quot;class&quot;: &quot;com.katalon.testcloud.grid.common.tunnel.domain.UserOptionCapability&quot;,
    &quot;runFromTestCloud&quot;: true,
    &quot;usingTunnel&quot;: false
  },
  &quot;platformName&quot;: &quot;WINDOWS&quot;,
  &quot;setWindowRect&quot;: true,
  &quot;webauthn:extension:largeBlob&quot;: true,
  &quot;networkConnectionEnabled&quot;: false,
  &quot;chrome&quot;: {
    &quot;chromedriverVersion&quot;: &quot;117.0.5938.22 (23382a5a87b8063d9189c9a52564d2b0edc76e1c-refs/branch-heads/5938@{#447})&quot;,
    &quot;userDataDir&quot;: &quot;C:\\Program Files (x86)\\scoped_dir4916_590444927&quot;
  },
  &quot;os&quot;: &quot;windows&quot;,
  &quot;pageLoadStrategy&quot;: &quot;normal&quot;,
  &quot;unhandledPromptBehavior&quot;: &quot;dismiss and notify&quot;,
  &quot;strictFileInteractability&quot;: false,
  &quot;***:loadExtension&quot;: [
    &quot;https://prod-magicleap-user-files-us-east-1-v1.s3.amazonaws.com/extensions/orgId-691279/SmartWait.zip&quot;
  ],
  &quot;version&quot;: &quot;117&quot;,
  &quot;se:cdp&quot;: &quot;ws://172.48.94.113:4444/session/607b35b4cf5d7a640c6af8d6b321001c/se/cdp&quot;,
  &quot;proxy&quot;: {
    &quot;proxyType&quot;: &quot;DIRECT&quot;,
    &quot;autodetect&quot;: false
  },
  &quot;webauthn:extension:minPinLength&quot;: true,
  &quot;webdriver.remote.sessionid&quot;: &quot;607b35b4cf5d7a640c6af8d6b321001c&quot;,
  &quot;webauthn:extension:prf&quot;: true,
  &quot;webauthn:virtualAuthenticators&quot;: true
}"/>
         <property name="os" value="Windows 10 64bit"/>
         <property name="remoteOS" value="Windows"/>
         <property name="katalonVersion" value="8.6.8.208"/>
         <property name="browser" value="Chrome 117.0.0.0"/>
         <property name="hostAddress" value="192.168.0.221"/>
         <property name="sessionId" value="607b35b4cf5d7a640c6af8d6b321001c"/>
         <property name="seleniumVersion" value="3.141.59"/>
         <property name="proxyInformation" value="ProxyInformation { proxyOption=NO_PROXY, proxyServerType=HTTP, username=, password=********, proxyServerAddress=, proxyServerPort=0, executionList=&quot;&quot;, isApplyToDesiredCapabilities=true }"/>
         <property name="platform" value="Windows 10"/>
      </properties>
      <testcase name="Test Cases/Browser Operations in Katalon/TC_001 -Basic browser operations" time="59.572" classname="Test Cases/Browser Operations in Katalon/TC_001 -Basic browser operations" status="PASSED">
         <system-out><![CDATA[2023-12-28 23:58:41 - [TEST_CASE][PASSED] - Test Cases/Browser Operations in Katalon/TC_001 -Basic browser operations: Test Cases/Browser Operations in Katalon/TC_001 -Basic browser operations

2023-12-28 23:58:42 - [TEST_STEP][PASSED] - openBrowser("https://katalon-demo-cura.herokuapp.com/"): Browser is opened with url: 'https://katalon-demo-cura.herokuapp.com/'

2023-12-28 23:58:42 - [MESSAGE][INFO] - User set preference: ['os', 'windows']

2023-12-28 23:58:42 - [MESSAGE][INFO] - User set preference: ['browserName', 'chrome']

2023-12-28 23:58:42 - [MESSAGE][INFO] - User set preference: ['browserVersion', '117']

2023-12-28 23:58:42 - [MESSAGE][INFO] - User set preference: ['katalon:option', '{organizationId=167916, tunnelId=, usingTunnel=false}']

2023-12-28 23:58:42 - [MESSAGE][INFO] - Connecting to remote web server 'testcloud.katalon.com/hub' with type 'Selenium'

2023-12-28 23:58:43 - [MESSAGE][INFO] - Action delay is set to 0 milliseconds

2023-12-28 23:59:19 - [MESSAGE][PASSED] - Browser is opened with url: 'https://katalon-demo-cura.herokuapp.com/'

2023-12-28 23:59:19 - [TEST_STEP][PASSED] - maximizeWindow(): Current window maximized

2023-12-28 23:59:20 - [MESSAGE][PASSED] - Current window maximized

2023-12-28 23:59:20 - [TEST_STEP][PASSED] - delay(3): Delayed 3 second(s)

2023-12-28 23:59:23 - [MESSAGE][PASSED] - Delayed 3 second(s)

2023-12-28 23:59:23 - [TEST_STEP][PASSED] - refresh(): Refresh successfully

2023-12-28 23:59:24 - [MESSAGE][PASSED] - Refresh successfully

2023-12-28 23:59:24 - [TEST_STEP][PASSED] - delay(3): Delayed 3 second(s)

2023-12-28 23:59:27 - [MESSAGE][PASSED] - Delayed 3 second(s)

2023-12-28 23:59:27 - [TEST_STEP][PASSED] - click(findTestObject("Page_CURA Healthcare Service/a_Make Appointment")): Object: 'Object Repository/Page_CURA Healthcare Service/a_Make Appointment' is clicked on

2023-12-28 23:59:30 - [MESSAGE][PASSED] - Object: 'Object Repository/Page_CURA Healthcare Service/a_Make Appointment' is clicked on

2023-12-28 23:59:30 - [TEST_STEP][PASSED] - delay(3): Delayed 3 second(s)

2023-12-28 23:59:33 - [MESSAGE][PASSED] - Delayed 3 second(s)

2023-12-28 23:59:33 - [TEST_STEP][PASSED] - back(): Navigate back successfully

2023-12-28 23:59:34 - [MESSAGE][PASSED] - Navigate back successfully

2023-12-28 23:59:34 - [TEST_STEP][PASSED] - delay(3): Delayed 3 second(s)

2023-12-28 23:59:37 - [MESSAGE][PASSED] - Delayed 3 second(s)

2023-12-28 23:59:37 - [TEST_STEP][PASSED] - forward(): Navigate forward successfully

2023-12-28 23:59:37 - [MESSAGE][PASSED] - Navigate forward successfully

2023-12-28 23:59:37 - [TEST_STEP][PASSED] - delay(2): Delayed 2 second(s)

2023-12-28 23:59:39 - [MESSAGE][PASSED] - Delayed 2 second(s)

2023-12-28 23:59:39 - [TEST_STEP][PASSED] - closeBrowser(): Browser is closed

2023-12-28 23:59:41 - [MESSAGE][PASSED] - Browser is closed]]></system-out>
         <system-err><![CDATA[]]></system-err>
      </testcase>
      <system-out><![CDATA[2023-12-28 23:58:41 - [TEST_SUITE][PASSED] - Basic browser operations: Test Cases/Browser Operations in Katalon/TC_001 -Basic browser operations]]></system-out>
      <system-err><![CDATA[]]></system-err>
   </testsuite>
</testsuites>
