<?xml version="1.0" encoding="UTF-8"?>
<testsuites name="Assertions in Katalon" time="20.699" tests="1" failures="0" errors="0">
   <testsuite name="Assertions in Katalon" tests="1" failures="0" errors="0" time="20.699" skipped="0" timestamp="2023-12-15 01:09:53" hostname="KalpanaKukreja - RC-IND-4BYDRG3" id="Test Suites/Assertions in Katalon">
      <properties>
         <property name="deviceName" value=""/>
         <property name="devicePlatform" value=""/>
         <property name="logFolder" value="C:\\Users\\KalpanaKukreja\\Documents\\Katalon Courses\\Browser operations in Katalon\\Katalon Automation Courses\\Reports\\20231215_010936\\Assertions in Katalon\\20231215_010936"/>
         <property name="logFiles" value="C:\\Users\\KalpanaKukreja\\Documents\\Katalon Courses\\Browser operations in Katalon\\Katalon Automation Courses\\Reports\\20231215_010936\\Assertions in Katalon\\20231215_010936\\execution0.log"/>
         <property name="attachments" value=""/>
         <property name="hostName" value="KalpanaKukreja - RC-IND-4BYDRG3"/>
         <property name="os" value="Windows 10 64bit"/>
         <property name="katalonVersion" value="8.6.8.208"/>
         <property name="browser" value="Chrome 120.0.0.0"/>
         <property name="hostAddress" value="192.168.0.221"/>
         <property name="sessionId" value="bfbd423439a7307d2ced234e6fe9e3a5"/>
         <property name="seleniumVersion" value="3.141.59"/>
         <property name="proxyInformation" value="ProxyInformation { proxyOption=NO_PROXY, proxyServerType=HTTP, username=, password=********, proxyServerAddress=, proxyServerPort=0, executionList=&quot;&quot;, isApplyToDesiredCapabilities=true }"/>
         <property name="platform" value="Windows 10"/>
      </properties>
      <testcase name="Test Cases/Browser Operations in Katalon/Assertions in Katalon" time="20.341" classname="Test Cases/Browser Operations in Katalon/Assertions in Katalon" status="PASSED">
         <system-out><![CDATA[2023-12-15 01:09:54 - [TEST_CASE][PASSED] - Test Cases/Browser Operations in Katalon/Assertions in Katalon: Test Cases/Browser Operations in Katalon/Assertions in Katalon

2023-12-15 01:09:54 - [TEST_STEP][PASSED] - openBrowser("https://katalon-demo-cura.herokuapp.com/"): Browser is opened with url: 'https://katalon-demo-cura.herokuapp.com/'

2023-12-15 01:09:54 - [MESSAGE][INFO] - Starting 'Chrome' driver

2023-12-15 01:09:55 - [MESSAGE][INFO] - User set preference: ['acceptInsecureCerts', 'true']

2023-12-15 01:09:55 - [MESSAGE][INFO] - User set preference: ['args', '[--incognito]']

2023-12-15 01:09:55 - [MESSAGE][INFO] - Action delay is set to 0 milliseconds

2023-12-15 01:10:05 - [MESSAGE][PASSED] - Browser is opened with url: 'https://katalon-demo-cura.herokuapp.com/'

2023-12-15 01:10:05 - [TEST_STEP][PASSED] - maximizeWindow(): Current window maximized

2023-12-15 01:10:05 - [MESSAGE][PASSED] - Current window maximized

2023-12-15 01:10:05 - [TEST_STEP][PASSED] - title = getWindowTitle(): Current window's title is: 'CURA Healthcare Service'

2023-12-15 01:10:05 - [MESSAGE][PASSED] - Current window's title is: 'CURA Healthcare Service'

2023-12-15 01:10:05 - [TEST_STEP][PASSED] - verifyMatch(title, "CURA Healthcare Service", true): Actual text 'CURA Healthcare Service' and expected text 'CURA Healthcare Service' are matched  using regular expression

2023-12-15 01:10:06 - [MESSAGE][PASSED] - Actual text 'CURA Healthcare Service' and expected text 'CURA Healthcare Service' are matched  using regular expression

2023-12-15 01:10:06 - [TEST_STEP][PASSED] - verifyElementPresent(findTestObject("Page_CURA Healthcare Service/a_Make Appointment"), 2): Object 'Object Repository/Page_CURA Healthcare Service/a_Make Appointment' is present

2023-12-15 01:10:06 - [MESSAGE][PASSED] - Object 'Object Repository/Page_CURA Healthcare Service/a_Make Appointment' is present

2023-12-15 01:10:06 - [TEST_STEP][PASSED] - verifyElementClickable(findTestObject("Page_CURA Healthcare Service/a_Make Appointment")): Object 'Object Repository/Page_CURA Healthcare Service/a_Make Appointment' is clickable

2023-12-15 01:10:06 - [MESSAGE][PASSED] - Object 'Object Repository/Page_CURA Healthcare Service/a_Make Appointment' is clickable

2023-12-15 01:10:06 - [TEST_STEP][PASSED] - verifyElementVisible(findTestObject("Page_CURA Healthcare Service/Copyright Text")): Object 'Object Repository/Page_CURA Healthcare Service/Copyright Text' is visible

2023-12-15 01:10:07 - [MESSAGE][PASSED] - Object 'Object Repository/Page_CURA Healthcare Service/Copyright Text' is visible

2023-12-15 01:10:07 - [TEST_STEP][PASSED] - verifyElementNotPresent(findTestObject("Object Repository/Page_CURA Healthcare Service/Make appointment page heading"), 2): Web element with id: 'Object Repository/Page_CURA Healthcare Service/Make appointment page heading' located by 'By.xpath: //*[@id="appointment"]/div/div/div/h2' is not present after '2' second(s)

2023-12-15 01:10:08 - [MESSAGE][PASSED] - Web element with id: 'Object Repository/Page_CURA Healthcare Service/Make appointment page heading' located by 'By.xpath: //*[@id="appointment"]/div/div/div/h2' is not present after '2' second(s)

2023-12-15 01:10:08 - [TEST_STEP][PASSED] - click(findTestObject("Page_CURA Healthcare Service/a_Make Appointment")): Object: 'Object Repository/Page_CURA Healthcare Service/a_Make Appointment' is clicked on

2023-12-15 01:10:08 - [MESSAGE][PASSED] - Object: 'Object Repository/Page_CURA Healthcare Service/a_Make Appointment' is clicked on

2023-12-15 01:10:08 - [TEST_STEP][PASSED] - verifyTextPresent("Please login to make appointment.", false): Text 'Please login to make appointment.' is present on page 

2023-12-15 01:10:09 - [MESSAGE][PASSED] - Text 'Please login to make appointment.' is present on page 

2023-12-15 01:10:09 - [TEST_STEP][PASSED] - delay(2): Delayed 2 second(s)

2023-12-15 01:10:11 - [MESSAGE][PASSED] - Delayed 2 second(s)

2023-12-15 01:10:11 - [TEST_STEP][PASSED] - setText(findTestObject("Page_CURA Healthcare Service/input_Username_username"), "John Doe"): Text 'John Doe' is set on object 'Object Repository/Page_CURA Healthcare Service/input_Username_username'

2023-12-15 01:10:11 - [MESSAGE][PASSED] - Text 'John Doe' is set on object 'Object Repository/Page_CURA Healthcare Service/input_Username_username'

2023-12-15 01:10:11 - [TEST_STEP][PASSED] - setText(findTestObject("Page_CURA Healthcare Service/input_Password_password"), "ThisIsNotAPassword"): Text 'ThisIsNotAPassword' is set on object 'Object Repository/Page_CURA Healthcare Service/input_Password_password'

2023-12-15 01:10:12 - [MESSAGE][PASSED] - Text 'ThisIsNotAPassword' is set on object 'Object Repository/Page_CURA Healthcare Service/input_Password_password'

2023-12-15 01:10:12 - [TEST_STEP][PASSED] - click(findTestObject("Page_CURA Healthcare Service/button_Login")): Object: 'Object Repository/Page_CURA Healthcare Service/button_Login' is clicked on

2023-12-15 01:10:13 - [MESSAGE][PASSED] - Object: 'Object Repository/Page_CURA Healthcare Service/button_Login' is clicked on

2023-12-15 01:10:13 - [TEST_STEP][PASSED] - verifyElementText(findTestObject("Object Repository/Page_CURA Healthcare Service/Make appointment page heading"), "Make Appointment"): Actual text and expected text of test object 'Object Repository/Page_CURA Healthcare Service/Make appointment page heading' are matched.

2023-12-15 01:10:13 - [MESSAGE][PASSED] - Actual text and expected text of test object 'Object Repository/Page_CURA Healthcare Service/Make appointment page heading' are matched.

2023-12-15 01:10:13 - [TEST_STEP][PASSED] - closeBrowser(): Browser is closed

2023-12-15 01:10:14 - [MESSAGE][PASSED] - Browser is closed]]></system-out>
         <system-err><![CDATA[]]></system-err>
      </testcase>
      <system-out><![CDATA[2023-12-15 01:09:53 - [TEST_SUITE][PASSED] - Assertions in Katalon: Test Cases/Browser Operations in Katalon/Assertions in Katalon]]></system-out>
      <system-err><![CDATA[]]></system-err>
   </testsuite>
</testsuites>
