<?xml version="1.0" encoding="UTF-8"?>
<testsuites name="Katalon Test suite collection" time="101.858" tests="4" failures="0" errors="0">
   <testsuite name="Browser Actions" tests="1" failures="0" errors="0" time="18.598" skipped="0" timestamp="2023-02-18 17:51:13" hostname="KalpanaKukreja - host.docker.internal" id="Test Suites/Browser Actions">
      <properties>
         <property name="deviceName" value=""/>
         <property name="devicePlatform" value=""/>
         <property name="logFolder" value="C:\\Users\\KalpanaKukreja\\Documents\\Katalon Courses\\Browser operations in Katalon\\Katalon Automation Courses\\Reports\\20230218_175046\\Browser Actions\\20230218_175053"/>
         <property name="logFiles" value="C:\\Users\\KalpanaKukreja\\Documents\\Katalon Courses\\Browser operations in Katalon\\Katalon Automation Courses\\Reports\\20230218_175046\\Browser Actions\\20230218_175053\\execution0.log"/>
         <property name="attachments" value="keyes\keyes-wikipedia page.png"/>
         <property name="hostName" value="KalpanaKukreja - host.docker.internal"/>
         <property name="os" value="Windows 10 64bit"/>
         <property name="katalonVersion" value="8.5.5.208"/>
         <property name="browser" value="Edge Chromium 110"/>
         <property name="hostAddress" value="192.168.1.12"/>
         <property name="sessionId" value="c2316d293b0b737db800896a53abb49c"/>
         <property name="seleniumVersion" value="3.141.59"/>
         <property name="proxyInformation" value="ProxyInformation { proxyOption=NO_PROXY, proxyServerType=HTTP, username=, password=********, proxyServerAddress=, proxyServerPort=0, executionList=&quot;&quot;, isApplyToDesiredCapabilities=true }"/>
         <property name="platform" value="Windows 10"/>
      </properties>
      <testcase name="Test Cases/Browser Operations in Katalon/Advance browser operations" time="18.323" classname="Test Cases/Browser Operations in Katalon/Advance browser operations" status="PASSED">
         <system-out><![CDATA[2023-02-18 17:51:14 - [TEST_CASE][PASSED] - Test Cases/Browser Operations in Katalon/Advance browser operations: Test Cases/Browser Operations in Katalon/Advance browser operations

2023-02-18 17:51:14 - [TEST_STEP][PASSED] - openBrowser("https://katalon-demo-cura.herokuapp.com/"): Browser is opened with url: 'https://katalon-demo-cura.herokuapp.com/'

2023-02-18 17:51:14 - [MESSAGE][INFO] - Starting 'Edge Chromium' driver

2023-02-18 17:51:15 - [MESSAGE][INFO] - Action delay is set to 0 milliseconds

2023-02-18 17:51:20 - [MESSAGE][PASSED] - Browser is opened with url: 'https://katalon-demo-cura.herokuapp.com/'

2023-02-18 17:51:20 - [TEST_STEP][PASSED] - maximizeWindow(): Current window maximized

2023-02-18 17:51:20 - [MESSAGE][PASSED] - Current window maximized

2023-02-18 17:51:20 - [TEST_STEP][PASSED] - print(getUrl()): Current window's url is: 'https://katalon-demo-cura.herokuapp.com/'

2023-02-18 17:51:20 - [MESSAGE][PASSED] - Current window's url is: 'https://katalon-demo-cura.herokuapp.com/'

2023-02-18 17:51:20 - [TEST_STEP][PASSED] - getWindowTitle(): Current window's title is: 'CURA Healthcare Service'

2023-02-18 17:51:20 - [MESSAGE][PASSED] - Current window's title is: 'CURA Healthcare Service'

2023-02-18 17:51:20 - [TEST_STEP][PASSED] - print(getWindowTitle()): Current window's title is: 'CURA Healthcare Service'

2023-02-18 17:51:20 - [MESSAGE][PASSED] - Current window's title is: 'CURA Healthcare Service'

2023-02-18 17:51:20 - [TEST_STEP][PASSED] - currentTab = getWindowIndex(): Current window's index is: 0

2023-02-18 17:51:20 - [MESSAGE][PASSED] - Current window's index is: 0

2023-02-18 17:51:20 - [TEST_STEP][PASSED] - driver = getWebDriver(): null

2023-02-18 17:51:20 - [TEST_STEP][PASSED] - js = driver: null

2023-02-18 17:51:20 - [TEST_STEP][PASSED] - js.executeScript("window.open();"): null

2023-02-18 17:51:20 - [TEST_STEP][PASSED] - switchToWindowIndex(currentTab + 1): Switched to window with index: '1'

2023-02-18 17:51:20 - [MESSAGE][PASSED] - Switched to window with index: '1'

2023-02-18 17:51:20 - [TEST_STEP][PASSED] - navigateToUrl("https://www.wikipedia.org/"): Navigate to 'https://www.wikipedia.org/' successfully

2023-02-18 17:51:21 - [MESSAGE][PASSED] - Navigate to 'https://www.wikipedia.org/' successfully

2023-02-18 17:51:21 - [TEST_STEP][PASSED] - takeScreenshotAsCheckpoint("wikipedia page"): Taking screenshot successfully

2023-02-18 17:51:22 - [MESSAGE][INFO] - 0 hidden object(s)

2023-02-18 17:51:22 - [MESSAGE][PASSED] - Taking screenshot successfully
[[ATTACHMENT|keyes\keyes-wikipedia page.png]]

2023-02-18 17:51:22 - [TEST_STEP][PASSED] - getWindowTitle(): Current window's title is: 'Wikipedia'

2023-02-18 17:51:22 - [MESSAGE][PASSED] - Current window's title is: 'Wikipedia'

2023-02-18 17:51:22 - [TEST_STEP][PASSED] - getUrl(): Current window's url is: 'https://www.wikipedia.org/'

2023-02-18 17:51:22 - [MESSAGE][PASSED] - Current window's url is: 'https://www.wikipedia.org/'

2023-02-18 17:51:22 - [TEST_STEP][PASSED] - switchToWindowIndex(currentTab): Switched to window with index: '0'

2023-02-18 17:51:22 - [MESSAGE][PASSED] - Switched to window with index: '0'

2023-02-18 17:51:22 - [TEST_STEP][PASSED] - delay(3): Delayed 3 second(s)

2023-02-18 17:51:25 - [MESSAGE][PASSED] - Delayed 3 second(s)

2023-02-18 17:51:25 - [TEST_STEP][PASSED] - switchToWindowTitle("Wikipedia"): Switched to window with title: 'Wikipedia'

2023-02-18 17:51:26 - [MESSAGE][PASSED] - Switched to window with title: 'Wikipedia'

2023-02-18 17:51:26 - [TEST_STEP][PASSED] - delay(3): Delayed 3 second(s)

2023-02-18 17:51:29 - [MESSAGE][PASSED] - Delayed 3 second(s)

2023-02-18 17:51:29 - [TEST_STEP][PASSED] - switchToWindowUrl("https://katalon-demo-cura.herokuapp.com/"): Switched to window with url: 'https://katalon-demo-cura.herokuapp.com/'

2023-02-18 17:51:29 - [MESSAGE][PASSED] - Switched to window with url: 'https://katalon-demo-cura.herokuapp.com/'

2023-02-18 17:51:29 - [TEST_STEP][PASSED] - closeWindowTitle("CURA Healthcare Service"): Window with title: 'CURA Healthcare Service' is closed

2023-02-18 17:51:29 - [MESSAGE][PASSED] - Window with title: 'CURA Healthcare Service' is closed

2023-02-18 17:51:29 - [TEST_STEP][PASSED] - delay(3): Delayed 3 second(s)

2023-02-18 17:51:32 - [MESSAGE][PASSED] - Delayed 3 second(s)

2023-02-18 17:51:32 - [TEST_STEP][PASSED] - closeWindowUrl("https://www.wikipedia.org/"): Window with url: 'https://www.wikipedia.org/' is closed

2023-02-18 17:51:32 - [MESSAGE][PASSED] - Window with url: 'https://www.wikipedia.org/' is closed]]></system-out>
         <system-err><![CDATA[]]></system-err>
      </testcase>
      <system-out><![CDATA[2023-02-18 17:51:13 - [TEST_SUITE][PASSED] - Browser Actions: Test Cases/Browser Operations in Katalon/Advance browser operations]]></system-out>
      <system-err><![CDATA[]]></system-err>
   </testsuite>
   <testsuite name="Demo cases for browser actions" tests="3" failures="0" errors="0" time="61.069" skipped="0" timestamp="2023-02-18 17:51:33" hostname="KalpanaKukreja - host.docker.internal" id="Test Suites/Demo cases for browser actions">
      <properties>
         <property name="deviceName" value=""/>
         <property name="devicePlatform" value=""/>
         <property name="logFolder" value="C:\\Users\\KalpanaKukreja\\Documents\\Katalon Courses\\Browser operations in Katalon\\Katalon Automation Courses\\Reports\\20230218_175046\\Demo cases for browser actions\\20230218_175059"/>
         <property name="logFiles" value="C:\\Users\\KalpanaKukreja\\Documents\\Katalon Courses\\Browser operations in Katalon\\Katalon Automation Courses\\Reports\\20230218_175046\\Demo cases for browser actions\\20230218_175059\\execution0.log"/>
         <property name="attachments" value=""/>
         <property name="hostName" value="KalpanaKukreja - host.docker.internal"/>
         <property name="os" value="Windows 10 64bit"/>
         <property name="katalonVersion" value="8.5.5.208"/>
         <property name="browser" value="Chrome 110.0.0.0"/>
         <property name="hostAddress" value="192.168.1.12"/>
         <property name="sessionId" value="0f343257667c33f042b03b4cf8344d1d"/>
         <property name="seleniumVersion" value="3.141.59"/>
         <property name="proxyInformation" value="ProxyInformation { proxyOption=NO_PROXY, proxyServerType=HTTP, username=, password=********, proxyServerAddress=, proxyServerPort=0, executionList=&quot;&quot;, isApplyToDesiredCapabilities=true }"/>
         <property name="platform" value="Windows 10"/>
      </properties>
      <testcase name="Test Cases/Browser Operations in Katalon/TC_001 -Basic browser operations" time="24.459" classname="Test Cases/Browser Operations in Katalon/TC_001 -Basic browser operations" status="PASSED">
         <system-out><![CDATA[2023-02-18 17:51:33 - [TEST_CASE][PASSED] - Test Cases/Browser Operations in Katalon/TC_001 -Basic browser operations: Test Cases/Browser Operations in Katalon/TC_001 -Basic browser operations

2023-02-18 17:51:33 - [TEST_STEP][PASSED] - openBrowser("https://katalon-demo-cura.herokuapp.com/"): Browser is opened with url: 'https://katalon-demo-cura.herokuapp.com/'

2023-02-18 17:51:34 - [MESSAGE][INFO] - Starting 'Chrome' driver

2023-02-18 17:51:34 - [MESSAGE][INFO] - Action delay is set to 0 milliseconds

2023-02-18 17:51:40 - [MESSAGE][PASSED] - Browser is opened with url: 'https://katalon-demo-cura.herokuapp.com/'

2023-02-18 17:51:40 - [TEST_STEP][PASSED] - maximizeWindow(): Current window maximized

2023-02-18 17:51:41 - [MESSAGE][PASSED] - Current window maximized

2023-02-18 17:51:41 - [TEST_STEP][PASSED] - delay(3): Delayed 3 second(s)

2023-02-18 17:51:44 - [MESSAGE][PASSED] - Delayed 3 second(s)

2023-02-18 17:51:44 - [TEST_STEP][PASSED] - refresh(): Refresh successfully

2023-02-18 17:51:44 - [MESSAGE][PASSED] - Refresh successfully

2023-02-18 17:51:44 - [TEST_STEP][PASSED] - delay(3): Delayed 3 second(s)

2023-02-18 17:51:47 - [MESSAGE][PASSED] - Delayed 3 second(s)

2023-02-18 17:51:47 - [TEST_STEP][PASSED] - click(findTestObject("Page_CURA Healthcare Service/a_Make Appointment")): Object: 'Object Repository/Page_CURA Healthcare Service/a_Make Appointment' is clicked on

2023-02-18 17:51:48 - [MESSAGE][PASSED] - Object: 'Object Repository/Page_CURA Healthcare Service/a_Make Appointment' is clicked on

2023-02-18 17:51:48 - [TEST_STEP][PASSED] - delay(3): Delayed 3 second(s)

2023-02-18 17:51:51 - [MESSAGE][PASSED] - Delayed 3 second(s)

2023-02-18 17:51:51 - [TEST_STEP][PASSED] - back(): Navigate back successfully

2023-02-18 17:51:52 - [MESSAGE][PASSED] - Navigate back successfully

2023-02-18 17:51:52 - [TEST_STEP][PASSED] - delay(3): Delayed 3 second(s)

2023-02-18 17:51:55 - [MESSAGE][PASSED] - Delayed 3 second(s)

2023-02-18 17:51:55 - [TEST_STEP][PASSED] - forward(): Navigate forward successfully

2023-02-18 17:51:55 - [MESSAGE][PASSED] - Navigate forward successfully

2023-02-18 17:51:55 - [TEST_STEP][PASSED] - delay(2): Delayed 2 second(s)

2023-02-18 17:51:57 - [MESSAGE][PASSED] - Delayed 2 second(s)

2023-02-18 17:51:57 - [TEST_STEP][PASSED] - closeBrowser(): Browser is closed

2023-02-18 17:51:58 - [MESSAGE][PASSED] - Browser is closed]]></system-out>
         <system-err><![CDATA[]]></system-err>
      </testcase>
      <testcase name="Test Cases/Browser Operations in Katalon/TC_002 - Advanced browser operations" time="22.19" classname="Test Cases/Browser Operations in Katalon/TC_002 - Advanced browser operations" status="PASSED">
         <system-out><![CDATA[2023-02-18 17:51:58 - [TEST_CASE][PASSED] - Test Cases/Browser Operations in Katalon/TC_002 - Advanced browser operations: Test Cases/Browser Operations in Katalon/TC_002 - Advanced browser operations

2023-02-18 17:51:58 - [TEST_STEP][PASSED] - openBrowser("https://katalon-demo-cura.herokuapp.com/"): Browser is opened with url: 'https://katalon-demo-cura.herokuapp.com/'

2023-02-18 17:51:58 - [MESSAGE][INFO] - Starting 'Chrome' driver

2023-02-18 17:51:58 - [MESSAGE][INFO] - Action delay is set to 0 milliseconds

2023-02-18 17:52:05 - [MESSAGE][PASSED] - Browser is opened with url: 'https://katalon-demo-cura.herokuapp.com/'

2023-02-18 17:52:05 - [TEST_STEP][PASSED] - maximizeWindow(): Current window maximized

2023-02-18 17:52:05 - [MESSAGE][PASSED] - Current window maximized

2023-02-18 17:52:05 - [TEST_STEP][PASSED] - getWindowTitle(): Current window's title is: 'CURA Healthcare Service'

2023-02-18 17:52:05 - [MESSAGE][PASSED] - Current window's title is: 'CURA Healthcare Service'

2023-02-18 17:52:05 - [TEST_STEP][PASSED] - print(getWindowTitle()): Current window's title is: 'CURA Healthcare Service'

2023-02-18 17:52:05 - [MESSAGE][PASSED] - Current window's title is: 'CURA Healthcare Service'

2023-02-18 17:52:05 - [TEST_STEP][PASSED] - getUrl(): Current window's url is: 'https://katalon-demo-cura.herokuapp.com/'

2023-02-18 17:52:05 - [MESSAGE][PASSED] - Current window's url is: 'https://katalon-demo-cura.herokuapp.com/'

2023-02-18 17:52:05 - [TEST_STEP][PASSED] - getWindowIndex(): Current window's index is: 0

2023-02-18 17:52:05 - [MESSAGE][PASSED] - Current window's index is: 0

2023-02-18 17:52:05 - [TEST_STEP][PASSED] - currentTab = getWindowIndex(): Current window's index is: 0

2023-02-18 17:52:05 - [MESSAGE][PASSED] - Current window's index is: 0

2023-02-18 17:52:05 - [TEST_STEP][PASSED] - driver = getWebDriver(): null

2023-02-18 17:52:05 - [TEST_STEP][PASSED] - js = driver: null

2023-02-18 17:52:05 - [TEST_STEP][PASSED] - js.executeScript("window.open();"): null

2023-02-18 17:52:05 - [TEST_STEP][PASSED] - switchToWindowIndex(currentTab + 1): Switched to window with index: '1'

2023-02-18 17:52:06 - [MESSAGE][PASSED] - Switched to window with index: '1'

2023-02-18 17:52:06 - [TEST_STEP][PASSED] - navigateToUrl("https://www.wikipedia.org/"): Navigate to 'https://www.wikipedia.org/' successfully

2023-02-18 17:52:07 - [MESSAGE][PASSED] - Navigate to 'https://www.wikipedia.org/' successfully

2023-02-18 17:52:07 - [TEST_STEP][PASSED] - getWindowIndex(): Current window's index is: 1

2023-02-18 17:52:07 - [MESSAGE][PASSED] - Current window's index is: 1

2023-02-18 17:52:07 - [TEST_STEP][PASSED] - delay(3): Delayed 3 second(s)

2023-02-18 17:52:10 - [MESSAGE][PASSED] - Delayed 3 second(s)

2023-02-18 17:52:10 - [TEST_STEP][PASSED] - switchToWindowTitle("CURA Healthcare Service"): Switched to window with title: 'CURA Healthcare Service'

2023-02-18 17:52:10 - [MESSAGE][PASSED] - Switched to window with title: 'CURA Healthcare Service'

2023-02-18 17:52:10 - [TEST_STEP][PASSED] - delay(3): Delayed 3 second(s)

2023-02-18 17:52:13 - [MESSAGE][PASSED] - Delayed 3 second(s)

2023-02-18 17:52:13 - [TEST_STEP][PASSED] - switchToWindowUrl("https://www.wikipedia.org/"): Switched to window with url: 'https://www.wikipedia.org/'

2023-02-18 17:52:13 - [MESSAGE][PASSED] - Switched to window with url: 'https://www.wikipedia.org/'

2023-02-18 17:52:13 - [TEST_STEP][PASSED] - delay(3): Delayed 3 second(s)

2023-02-18 17:52:16 - [MESSAGE][PASSED] - Delayed 3 second(s)

2023-02-18 17:52:16 - [TEST_STEP][PASSED] - closeWindowIndex(1): Window with index 1 is closed

2023-02-18 17:52:16 - [MESSAGE][PASSED] - Window with index 1 is closed

2023-02-18 17:52:16 - [TEST_STEP][PASSED] - delay(3): Delayed 3 second(s)

2023-02-18 17:52:19 - [MESSAGE][PASSED] - Delayed 3 second(s)

2023-02-18 17:52:19 - [TEST_STEP][PASSED] - closeBrowser(): Browser is closed

2023-02-18 17:52:20 - [MESSAGE][PASSED] - Browser is closed]]></system-out>
         <system-err><![CDATA[]]></system-err>
      </testcase>
      <testcase name="Test Cases/Browser Operations in Katalon/TC_003 Assetions in Katalon" time="14.151" classname="Test Cases/Browser Operations in Katalon/TC_003 Assetions in Katalon" status="PASSED">
         <system-out><![CDATA[2023-02-18 17:52:20 - [TEST_CASE][PASSED] - Test Cases/Browser Operations in Katalon/TC_003 Assetions in Katalon: Test Cases/Browser Operations in Katalon/TC_003 Assetions in Katalon

2023-02-18 17:52:20 - [TEST_STEP][PASSED] - openBrowser("https://katalon-demo-cura.herokuapp.com/"): Browser is opened with url: 'https://katalon-demo-cura.herokuapp.com/'

2023-02-18 17:52:20 - [MESSAGE][INFO] - Starting 'Chrome' driver

2023-02-18 17:52:20 - [MESSAGE][INFO] - Action delay is set to 0 milliseconds

2023-02-18 17:52:25 - [MESSAGE][PASSED] - Browser is opened with url: 'https://katalon-demo-cura.herokuapp.com/'

2023-02-18 17:52:25 - [TEST_STEP][PASSED] - maximizeWindow(): Current window maximized

2023-02-18 17:52:25 - [MESSAGE][PASSED] - Current window maximized

2023-02-18 17:52:25 - [TEST_STEP][PASSED] - title = getWindowTitle(): Current window's title is: 'CURA Healthcare Service'

2023-02-18 17:52:25 - [MESSAGE][PASSED] - Current window's title is: 'CURA Healthcare Service'

2023-02-18 17:52:25 - [TEST_STEP][PASSED] - verifyMatch(title, "CURA Healthcare Service", true): Actual text 'CURA Healthcare Service' and expected text 'CURA Healthcare Service' are matched  using regular expression

2023-02-18 17:52:25 - [MESSAGE][PASSED] - Actual text 'CURA Healthcare Service' and expected text 'CURA Healthcare Service' are matched  using regular expression

2023-02-18 17:52:25 - [TEST_STEP][PASSED] - verifyElementPresent(findTestObject("Object Repository/Page_CURA Healthcare Service/a_Make Appointment"), 2): Object 'Object Repository/Page_CURA Healthcare Service/a_Make Appointment' is present

2023-02-18 17:52:26 - [MESSAGE][PASSED] - Object 'Object Repository/Page_CURA Healthcare Service/a_Make Appointment' is present

2023-02-18 17:52:26 - [TEST_STEP][PASSED] - verifyElementClickable(findTestObject("Object Repository/Page_CURA Healthcare Service/a_Make Appointment")): Object 'Object Repository/Page_CURA Healthcare Service/a_Make Appointment' is clickable

2023-02-18 17:52:26 - [MESSAGE][PASSED] - Object 'Object Repository/Page_CURA Healthcare Service/a_Make Appointment' is clickable

2023-02-18 17:52:26 - [TEST_STEP][PASSED] - verifyElementVisible(findTestObject("Object Repository/Page_CURA Healthcare Service/Copyright Text")): Object 'Object Repository/Page_CURA Healthcare Service/Copyright Text' is visible

2023-02-18 17:52:27 - [MESSAGE][PASSED] - Object 'Object Repository/Page_CURA Healthcare Service/Copyright Text' is visible

2023-02-18 17:52:27 - [TEST_STEP][PASSED] - verifyElementNotPresent(findTestObject("Object Repository/Page_CURA Healthcare Service/Make appointment page heading"), 2): Web element with id: 'Object Repository/Page_CURA Healthcare Service/Make appointment page heading' located by 'By.xpath: //*[@id="appointment"]/div/div/div/h2' is not present after '2' second(s)

2023-02-18 17:52:27 - [MESSAGE][PASSED] - Web element with id: 'Object Repository/Page_CURA Healthcare Service/Make appointment page heading' located by 'By.xpath: //*[@id="appointment"]/div/div/div/h2' is not present after '2' second(s)

2023-02-18 17:52:27 - [TEST_STEP][PASSED] - click(findTestObject("Page_CURA Healthcare Service/a_Make Appointment")): Object: 'Object Repository/Page_CURA Healthcare Service/a_Make Appointment' is clicked on

2023-02-18 17:52:28 - [MESSAGE][PASSED] - Object: 'Object Repository/Page_CURA Healthcare Service/a_Make Appointment' is clicked on

2023-02-18 17:52:28 - [TEST_STEP][PASSED] - verifyTextPresent("Please login to make appointment.", false): Text 'Please login to make appointment.' is present on page 

2023-02-18 17:52:28 - [MESSAGE][PASSED] - Text 'Please login to make appointment.' is present on page 

2023-02-18 17:52:28 - [TEST_STEP][PASSED] - setText(findTestObject("Page_CURA Healthcare Service/input_Username_username"), "John Doe"): Text 'John Doe' is set on object 'Object Repository/Page_CURA Healthcare Service/input_Username_username'

2023-02-18 17:52:29 - [MESSAGE][PASSED] - Text 'John Doe' is set on object 'Object Repository/Page_CURA Healthcare Service/input_Username_username'

2023-02-18 17:52:29 - [TEST_STEP][PASSED] - setText(findTestObject("Page_CURA Healthcare Service/input_Password_password"), "ThisIsNotAPassword"): Text 'ThisIsNotAPassword' is set on object 'Object Repository/Page_CURA Healthcare Service/input_Password_password'

2023-02-18 17:52:30 - [MESSAGE][PASSED] - Text 'ThisIsNotAPassword' is set on object 'Object Repository/Page_CURA Healthcare Service/input_Password_password'

2023-02-18 17:52:30 - [TEST_STEP][PASSED] - click(findTestObject("Page_CURA Healthcare Service/button_Login")): Object: 'Object Repository/Page_CURA Healthcare Service/button_Login' is clicked on

2023-02-18 17:52:31 - [MESSAGE][PASSED] - Object: 'Object Repository/Page_CURA Healthcare Service/button_Login' is clicked on

2023-02-18 17:52:31 - [TEST_STEP][PASSED] - verifyElementText(findTestObject("Object Repository/Page_CURA Healthcare Service/Make appointment page heading"), "Make Appointment"): Actual text and expected text of test object 'Object Repository/Page_CURA Healthcare Service/Make appointment page heading' are matched.

2023-02-18 17:52:31 - [MESSAGE][PASSED] - Actual text and expected text of test object 'Object Repository/Page_CURA Healthcare Service/Make appointment page heading' are matched.

2023-02-18 17:52:31 - [TEST_STEP][PASSED] - delay(2): Delayed 2 second(s)

2023-02-18 17:52:33 - [MESSAGE][PASSED] - Delayed 2 second(s)

2023-02-18 17:52:33 - [TEST_STEP][PASSED] - closeBrowser(): Browser is closed

2023-02-18 17:52:34 - [MESSAGE][PASSED] - Browser is closed]]></system-out>
         <system-err><![CDATA[]]></system-err>
      </testcase>
      <system-out><![CDATA[2023-02-18 17:51:33 - [TEST_SUITE][PASSED] - Demo cases for browser actions: Test Cases/Browser Operations in Katalon/TC_003 Assetions in Katalon]]></system-out>
      <system-err><![CDATA[]]></system-err>
   </testsuite>
</testsuites>
