<?xml version="1.0" encoding="UTF-8"?>
<testsuites name="Basic browser operations" time="24.485" tests="1" failures="0" errors="0">
   <testsuite name="Basic browser operations" tests="1" failures="0" errors="0" time="24.485" skipped="0" timestamp="2023-12-15 00:53:00" hostname="KalpanaKukreja - RC-IND-4BYDRG3" id="Test Suites/Basic browser operations">
      <properties>
         <property name="deviceName" value=""/>
         <property name="devicePlatform" value=""/>
         <property name="logFolder" value="C:\\Users\\KalpanaKukreja\\Documents\\Katalon Courses\\Browser operations in Katalon\\Katalon Automation Courses\\Reports\\20231215_005127\\Basic browser operations\\20231215_005133"/>
         <property name="logFiles" value="C:\\Users\\KalpanaKukreja\\Documents\\Katalon Courses\\Browser operations in Katalon\\Katalon Automation Courses\\Reports\\20231215_005127\\Basic browser operations\\20231215_005133\\execution0.log"/>
         <property name="attachments" value=""/>
         <property name="hostName" value="KalpanaKukreja - RC-IND-4BYDRG3"/>
         <property name="os" value="Windows 10 64bit"/>
         <property name="katalonVersion" value="8.6.8.208"/>
         <property name="browser" value="Chrome 120.0.0.0"/>
         <property name="hostAddress" value="192.168.0.221"/>
         <property name="sessionId" value="6c7831a7f42638aa614cd54818308a39"/>
         <property name="seleniumVersion" value="3.141.59"/>
         <property name="proxyInformation" value="ProxyInformation { proxyOption=NO_PROXY, proxyServerType=HTTP, username=, password=********, proxyServerAddress=, proxyServerPort=0, executionList=&quot;&quot;, isApplyToDesiredCapabilities=true }"/>
         <property name="platform" value="Windows 10"/>
      </properties>
      <testcase name="Test Cases/Browser Operations in Katalon/TC_001 -Basic browser operations" time="24.071" classname="Test Cases/Browser Operations in Katalon/TC_001 -Basic browser operations" status="PASSED">
         <system-out><![CDATA[2023-12-15 00:53:00 - [TEST_CASE][PASSED] - Test Cases/Browser Operations in Katalon/TC_001 -Basic browser operations: Test Cases/Browser Operations in Katalon/TC_001 -Basic browser operations

2023-12-15 00:53:01 - [TEST_STEP][PASSED] - openBrowser("https://katalon-demo-cura.herokuapp.com/"): Browser is opened with url: 'https://katalon-demo-cura.herokuapp.com/'

2023-12-15 00:53:01 - [MESSAGE][INFO] - Starting 'Chrome' driver

2023-12-15 00:53:01 - [MESSAGE][INFO] - User set preference: ['acceptInsecureCerts', 'true']

2023-12-15 00:53:01 - [MESSAGE][INFO] - User set preference: ['args', '[--incognito]']

2023-12-15 00:53:01 - [MESSAGE][INFO] - Action delay is set to 0 milliseconds

2023-12-15 00:53:07 - [MESSAGE][PASSED] - Browser is opened with url: 'https://katalon-demo-cura.herokuapp.com/'

2023-12-15 00:53:07 - [TEST_STEP][PASSED] - maximizeWindow(): Current window maximized

2023-12-15 00:53:07 - [MESSAGE][PASSED] - Current window maximized

2023-12-15 00:53:07 - [TEST_STEP][PASSED] - delay(3): Delayed 3 second(s)

2023-12-15 00:53:10 - [MESSAGE][PASSED] - Delayed 3 second(s)

2023-12-15 00:53:10 - [TEST_STEP][PASSED] - refresh(): Refresh successfully

2023-12-15 00:53:10 - [MESSAGE][PASSED] - Refresh successfully

2023-12-15 00:53:10 - [TEST_STEP][PASSED] - delay(3): Delayed 3 second(s)

2023-12-15 00:53:13 - [MESSAGE][PASSED] - Delayed 3 second(s)

2023-12-15 00:53:13 - [TEST_STEP][PASSED] - click(findTestObject("Page_CURA Healthcare Service/a_Make Appointment")): Object: 'Object Repository/Page_CURA Healthcare Service/a_Make Appointment' is clicked on

2023-12-15 00:53:15 - [MESSAGE][PASSED] - Object: 'Object Repository/Page_CURA Healthcare Service/a_Make Appointment' is clicked on

2023-12-15 00:53:15 - [TEST_STEP][PASSED] - delay(3): Delayed 3 second(s)

2023-12-15 00:53:18 - [MESSAGE][PASSED] - Delayed 3 second(s)

2023-12-15 00:53:18 - [TEST_STEP][PASSED] - back(): Navigate back successfully

2023-12-15 00:53:18 - [MESSAGE][PASSED] - Navigate back successfully

2023-12-15 00:53:18 - [TEST_STEP][PASSED] - delay(3): Delayed 3 second(s)

2023-12-15 00:53:21 - [MESSAGE][PASSED] - Delayed 3 second(s)

2023-12-15 00:53:21 - [TEST_STEP][PASSED] - forward(): Navigate forward successfully

2023-12-15 00:53:21 - [MESSAGE][PASSED] - Navigate forward successfully

2023-12-15 00:53:21 - [TEST_STEP][PASSED] - delay(2): Delayed 2 second(s)

2023-12-15 00:53:23 - [MESSAGE][PASSED] - Delayed 2 second(s)

2023-12-15 00:53:23 - [TEST_STEP][PASSED] - closeBrowser(): Browser is closed

2023-12-15 00:53:24 - [MESSAGE][PASSED] - Browser is closed]]></system-out>
         <system-err><![CDATA[]]></system-err>
      </testcase>
      <system-out><![CDATA[2023-12-15 00:53:00 - [TEST_SUITE][PASSED] - Basic browser operations: Test Cases/Browser Operations in Katalon/TC_001 -Basic browser operations]]></system-out>
      <system-err><![CDATA[]]></system-err>
   </testsuite>
</testsuites>
