<?xml version="1.0" encoding="UTF-8"?>
<testsuites name="Browser Actions" time="17.398" tests="1" failures="0" errors="0">
   <testsuite name="Browser Actions" tests="1" failures="0" errors="0" time="17.398" skipped="0" timestamp="2022-12-29 22:19:37" hostname="KalpanaKukreja - RC-IND-4BYDRG3.domain.name" id="Test Suites/Browser Actions">
      <properties>
         <property name="deviceName" value=""/>
         <property name="devicePlatform" value=""/>
         <property name="logFolder" value="C:\\Users\\KalpanaKukreja\\Documents\\Katalon Courses\\Browser operations in Katalon\\Katalon Automation Courses\\Reports\\20221229_221925\\Browser Actions\\20221229_221925"/>
         <property name="logFiles" value="C:\\Users\\KalpanaKukreja\\Documents\\Katalon Courses\\Browser operations in Katalon\\Katalon Automation Courses\\Reports\\20221229_221925\\Browser Actions\\20221229_221925\\execution0.log"/>
         <property name="attachments" value=""/>
         <property name="hostName" value="KalpanaKukreja - RC-IND-4BYDRG3.domain.name"/>
         <property name="os" value="Windows 10 64bit"/>
         <property name="katalonVersion" value="8.2.5.208"/>
         <property name="browser" value="Chrome 108.0.0.0"/>
         <property name="hostAddress" value="192.168.1.12"/>
         <property name="sessionId" value="0c48158b2caa748f05f3e6239b51d784"/>
         <property name="seleniumVersion" value="3.141.59"/>
         <property name="proxyInformation" value="ProxyInformation { proxyOption=NO_PROXY, proxyServerType=HTTP, username=, password=********, proxyServerAddress=, proxyServerPort=0, executionList=&quot;&quot;, isApplyToDesiredCapabilities=true }"/>
         <property name="platform" value="Windows 10"/>
      </properties>
      <testcase name="Test Cases/Browser Operations in Katalon/Advance browser operations" time="17.079" classname="Test Cases/Browser Operations in Katalon/Advance browser operations" status="PASSED">
         <system-out><![CDATA[2022-12-29 22:19:37 - [TEST_CASE][PASSED] - Test Cases/Browser Operations in Katalon/Advance browser operations: Test Cases/Browser Operations in Katalon/Advance browser operations

2022-12-29 22:19:38 - [TEST_STEP][PASSED] - openBrowser("https://katalon-demo-cura.herokuapp.com/"): Browser is opened with url: 'https://katalon-demo-cura.herokuapp.com/'

2022-12-29 22:19:38 - [MESSAGE][INFO] - Starting 'Chrome' driver

2022-12-29 22:19:38 - [MESSAGE][INFO] - Action delay is set to 0 milliseconds

2022-12-29 22:19:46 - [MESSAGE][PASSED] - Browser is opened with url: 'https://katalon-demo-cura.herokuapp.com/'

2022-12-29 22:19:46 - [TEST_STEP][PASSED] - maximizeWindow(): Current window maximized

2022-12-29 22:19:46 - [MESSAGE][PASSED] - Current window maximized

2022-12-29 22:19:46 - [TEST_STEP][PASSED] - print(getUrl()): Current window's url is: 'https://katalon-demo-cura.herokuapp.com/'

2022-12-29 22:19:46 - [MESSAGE][PASSED] - Current window's url is: 'https://katalon-demo-cura.herokuapp.com/'

2022-12-29 22:19:46 - [TEST_STEP][PASSED] - getWindowTitle(): Current window's title is: 'CURA Healthcare Service'

2022-12-29 22:19:47 - [MESSAGE][PASSED] - Current window's title is: 'CURA Healthcare Service'

2022-12-29 22:19:47 - [TEST_STEP][PASSED] - print(getWindowTitle()): Current window's title is: 'CURA Healthcare Service'

2022-12-29 22:19:47 - [MESSAGE][PASSED] - Current window's title is: 'CURA Healthcare Service'

2022-12-29 22:19:47 - [TEST_STEP][PASSED] - currentTab = getWindowIndex(): Current window's index is: 0

2022-12-29 22:19:47 - [MESSAGE][PASSED] - Current window's index is: 0

2022-12-29 22:19:47 - [TEST_STEP][PASSED] - driver = getWebDriver(): null

2022-12-29 22:19:47 - [TEST_STEP][PASSED] - js = driver: null

2022-12-29 22:19:47 - [TEST_STEP][PASSED] - js.executeScript("window.open();"): null

2022-12-29 22:19:47 - [TEST_STEP][PASSED] - switchToWindowIndex(currentTab + 1): Switched to window with index: '1'

2022-12-29 22:19:47 - [MESSAGE][PASSED] - Switched to window with index: '1'

2022-12-29 22:19:47 - [TEST_STEP][PASSED] - navigateToUrl("https://www.wikipedia.org/"): Navigate to 'https://www.wikipedia.org/' successfully

2022-12-29 22:19:48 - [MESSAGE][PASSED] - Navigate to 'https://www.wikipedia.org/' successfully

2022-12-29 22:19:48 - [TEST_STEP][PASSED] - getWindowTitle(): Current window's title is: 'Wikipedia'

2022-12-29 22:19:48 - [MESSAGE][PASSED] - Current window's title is: 'Wikipedia'

2022-12-29 22:19:48 - [TEST_STEP][PASSED] - getUrl(): Current window's url is: 'https://www.wikipedia.org/'

2022-12-29 22:19:48 - [MESSAGE][PASSED] - Current window's url is: 'https://www.wikipedia.org/'

2022-12-29 22:19:48 - [TEST_STEP][PASSED] - switchToWindowIndex(currentTab): Switched to window with index: '0'

2022-12-29 22:19:48 - [MESSAGE][PASSED] - Switched to window with index: '0'

2022-12-29 22:19:48 - [TEST_STEP][PASSED] - delay(3): Delayed 3 second(s)

2022-12-29 22:19:51 - [MESSAGE][PASSED] - Delayed 3 second(s)

2022-12-29 22:19:51 - [TEST_STEP][PASSED] - switchToWindowTitle("Wikipedia"): Switched to window with title: 'Wikipedia'

2022-12-29 22:19:51 - [MESSAGE][PASSED] - Switched to window with title: 'Wikipedia'

2022-12-29 22:19:51 - [TEST_STEP][PASSED] - delay(3): Delayed 3 second(s)

2022-12-29 22:19:54 - [MESSAGE][PASSED] - Delayed 3 second(s)

2022-12-29 22:19:54 - [TEST_STEP][PASSED] - switchToWindowUrl("https://katalon-demo-cura.herokuapp.com/"): Switched to window with url: 'https://katalon-demo-cura.herokuapp.com/'

2022-12-29 22:19:54 - [MESSAGE][PASSED] - Switched to window with url: 'https://katalon-demo-cura.herokuapp.com/']]></system-out>
         <system-err><![CDATA[]]></system-err>
      </testcase>
      <system-out><![CDATA[2022-12-29 22:19:37 - [TEST_SUITE][PASSED] - Browser Actions: Test Cases/Browser Operations in Katalon/Advance browser operations]]></system-out>
      <system-err><![CDATA[]]></system-err>
   </testsuite>
</testsuites>
