<?xml version="1.0" encoding="UTF-8"?>
<testsuites name="Browser Actions" time="19.25" tests="1" failures="0" errors="0">
   <testsuite name="Browser Actions" tests="1" failures="0" errors="0" time="19.25" skipped="0" timestamp="2023-03-01 17:06:24" hostname="KalpanaKukreja - RC-IND-4BYDRG3.localdomain" id="Test Suites/Browser Actions">
      <properties>
         <property name="deviceName" value=""/>
         <property name="devicePlatform" value=""/>
         <property name="logFolder" value="C:\\Users\\KalpanaKukreja\\Documents\\Katalon Courses\\Browser operations in Katalon\\Katalon Automation Courses\\Reports\\20230301_170614\\Browser Actions\\20230301_170618"/>
         <property name="logFiles" value="C:\\Users\\KalpanaKukreja\\Documents\\Katalon Courses\\Browser operations in Katalon\\Katalon Automation Courses\\Reports\\20230301_170614\\Browser Actions\\20230301_170618\\execution0.log"/>
         <property name="attachments" value="keyes\keyes-wikipedia page.png"/>
         <property name="hostName" value="KalpanaKukreja - RC-IND-4BYDRG3.localdomain"/>
         <property name="os" value="Windows 10 64bit"/>
         <property name="katalonVersion" value="8.5.5.208"/>
         <property name="browser" value="Chrome 110.0.0.0"/>
         <property name="hostAddress" value="192.168.1.248"/>
         <property name="sessionId" value="4435c663b419dda34292948e353a01b4"/>
         <property name="seleniumVersion" value="3.141.59"/>
         <property name="proxyInformation" value="ProxyInformation { proxyOption=NO_PROXY, proxyServerType=HTTP, username=, password=********, proxyServerAddress=, proxyServerPort=0, executionList=&quot;&quot;, isApplyToDesiredCapabilities=true }"/>
         <property name="platform" value="Windows 10"/>
      </properties>
      <testcase name="Test Cases/Browser Operations in Katalon/Advance browser operations" time="19.036" classname="Test Cases/Browser Operations in Katalon/Advance browser operations" status="PASSED">
         <system-out><![CDATA[2023-03-01 17:06:24 - [TEST_CASE][PASSED] - Test Cases/Browser Operations in Katalon/Advance browser operations: Test Cases/Browser Operations in Katalon/Advance browser operations

2023-03-01 17:06:25 - [TEST_STEP][PASSED] - openBrowser("https://katalon-demo-cura.herokuapp.com/"): Browser is opened with url: 'https://katalon-demo-cura.herokuapp.com/'

2023-03-01 17:06:25 - [MESSAGE][INFO] - Starting 'Chrome' driver

2023-03-01 17:06:25 - [MESSAGE][INFO] - Action delay is set to 0 milliseconds

2023-03-01 17:06:31 - [MESSAGE][PASSED] - Browser is opened with url: 'https://katalon-demo-cura.herokuapp.com/'

2023-03-01 17:06:31 - [TEST_STEP][PASSED] - maximizeWindow(): Current window maximized

2023-03-01 17:06:31 - [MESSAGE][PASSED] - Current window maximized

2023-03-01 17:06:31 - [TEST_STEP][PASSED] - print(getUrl()): Current window's url is: 'https://katalon-demo-cura.herokuapp.com/'

2023-03-01 17:06:31 - [MESSAGE][PASSED] - Current window's url is: 'https://katalon-demo-cura.herokuapp.com/'

2023-03-01 17:06:31 - [TEST_STEP][PASSED] - getWindowTitle(): Current window's title is: 'CURA Healthcare Service'

2023-03-01 17:06:31 - [MESSAGE][PASSED] - Current window's title is: 'CURA Healthcare Service'

2023-03-01 17:06:31 - [TEST_STEP][PASSED] - print(getWindowTitle()): Current window's title is: 'CURA Healthcare Service'

2023-03-01 17:06:31 - [MESSAGE][PASSED] - Current window's title is: 'CURA Healthcare Service'

2023-03-01 17:06:31 - [TEST_STEP][PASSED] - currentTab = getWindowIndex(): Current window's index is: 0

2023-03-01 17:06:31 - [MESSAGE][PASSED] - Current window's index is: 0

2023-03-01 17:06:31 - [TEST_STEP][PASSED] - driver = getWebDriver(): null

2023-03-01 17:06:31 - [TEST_STEP][PASSED] - js = driver: null

2023-03-01 17:06:31 - [TEST_STEP][PASSED] - js.executeScript("window.open();"): null

2023-03-01 17:06:31 - [TEST_STEP][PASSED] - switchToWindowIndex(currentTab + 1): Switched to window with index: '1'

2023-03-01 17:06:31 - [MESSAGE][PASSED] - Switched to window with index: '1'

2023-03-01 17:06:31 - [TEST_STEP][PASSED] - navigateToUrl("https://www.wikipedia.org/"): Navigate to 'https://www.wikipedia.org/' successfully

2023-03-01 17:06:33 - [MESSAGE][PASSED] - Navigate to 'https://www.wikipedia.org/' successfully

2023-03-01 17:06:33 - [TEST_STEP][PASSED] - takeScreenshotAsCheckpoint("wikipedia page"): Taking screenshot successfully

2023-03-01 17:06:34 - [MESSAGE][INFO] - 0 hidden object(s)

2023-03-01 17:06:34 - [MESSAGE][PASSED] - Taking screenshot successfully
[[ATTACHMENT|keyes\keyes-wikipedia page.png]]

2023-03-01 17:06:34 - [TEST_STEP][PASSED] - getWindowTitle(): Current window's title is: 'Wikipedia'

2023-03-01 17:06:34 - [MESSAGE][PASSED] - Current window's title is: 'Wikipedia'

2023-03-01 17:06:34 - [TEST_STEP][PASSED] - getUrl(): Current window's url is: 'https://www.wikipedia.org/'

2023-03-01 17:06:34 - [MESSAGE][PASSED] - Current window's url is: 'https://www.wikipedia.org/'

2023-03-01 17:06:34 - [TEST_STEP][PASSED] - switchToWindowIndex(currentTab): Switched to window with index: '0'

2023-03-01 17:06:34 - [MESSAGE][PASSED] - Switched to window with index: '0'

2023-03-01 17:06:34 - [TEST_STEP][PASSED] - delay(3): Delayed 3 second(s)

2023-03-01 17:06:37 - [MESSAGE][PASSED] - Delayed 3 second(s)

2023-03-01 17:06:37 - [TEST_STEP][PASSED] - switchToWindowTitle("Wikipedia"): Switched to window with title: 'Wikipedia'

2023-03-01 17:06:37 - [MESSAGE][PASSED] - Switched to window with title: 'Wikipedia'

2023-03-01 17:06:37 - [TEST_STEP][PASSED] - delay(3): Delayed 3 second(s)

2023-03-01 17:06:40 - [MESSAGE][PASSED] - Delayed 3 second(s)

2023-03-01 17:06:40 - [TEST_STEP][PASSED] - switchToWindowUrl("https://katalon-demo-cura.herokuapp.com/"): Switched to window with url: 'https://katalon-demo-cura.herokuapp.com/'

2023-03-01 17:06:40 - [MESSAGE][PASSED] - Switched to window with url: 'https://katalon-demo-cura.herokuapp.com/'

2023-03-01 17:06:40 - [TEST_STEP][PASSED] - closeWindowTitle("CURA Healthcare Service"): Window with title: 'CURA Healthcare Service' is closed

2023-03-01 17:06:40 - [MESSAGE][PASSED] - Window with title: 'CURA Healthcare Service' is closed

2023-03-01 17:06:40 - [TEST_STEP][PASSED] - delay(3): Delayed 3 second(s)

2023-03-01 17:06:43 - [MESSAGE][PASSED] - Delayed 3 second(s)

2023-03-01 17:06:43 - [TEST_STEP][PASSED] - closeWindowUrl("https://www.wikipedia.org/"): Window with url: 'https://www.wikipedia.org/' is closed

2023-03-01 17:06:43 - [MESSAGE][PASSED] - Window with url: 'https://www.wikipedia.org/' is closed]]></system-out>
         <system-err><![CDATA[]]></system-err>
      </testcase>
      <system-out><![CDATA[2023-03-01 17:06:24 - [TEST_SUITE][PASSED] - Browser Actions: Test Cases/Browser Operations in Katalon/Advance browser operations]]></system-out>
      <system-err><![CDATA[]]></system-err>
   </testsuite>
</testsuites>
